Arguments: 
  C:\Program Files\nodejs\node.exe C:\Users\justin.w\AppData\Roaming\npm\node_modules\yarn\bin\yarn.js

PATH: 
  C:\Program Files\Java\jdk1.8.0_144/bin;C:\ProgramData\Oracle\Java\javapath;C:\Windows\system32;C:\Windows;C:\Windows\System32\Wbem;C:\Windows\System32\WindowsPowerShell\v1.0\;C:\Program Files (x86)\Skype\Phone\;C:\Program Files\nodejs\;C:\Program Files\Git\cmd;D:\WorkTools\apache-ant-1.10.1\bin\;C:\Program Files\TortoiseSVN\bin;C:\xampp\mysql\bin;C:\Users\justin.w\AppData\Roaming\npm;C:\Users\justin.w\AppData\Local\atom\bin\;C:\Program Files\Java\jdk1.8.0_144

Yarn version: 
  1.2.0

Node version: 
  6.11.2

Platform: 
  win32 x64

npm manifest: 
  {
    "name": "webpack-demo",
    "version": "1.0.0",
    "description": "",
    "main": "app.js",
    "scripts": {
      "test": "echo \"Error: no test specified\" && exit 1",
      "webpack": "webpack --config webpack.config.js --progress --display-modules --colors",
      "start": "webpack-dev-server --progress --hot --watch"
    },
    "author": "Wanz",
    "license": "ISC",
    "devDependencies": {
      "autoprefixer": "^7.1.1",
      "babel-core": "^6.24.1",
      "babel-loader": "^6.4.1",
      "babel-plugin-import": "^1.2.1",
      "babel-preset-es2015": "^6.24.1",
      "babel-preset-latest": "^6.24.0",
      "babel-preset-react": "^6.24.1",
      "babel-preset-react-hmre": "^1.1.1",
      "babel-preset-stage-0": "^6.24.1",
      "babelify": "^7.3.0",
      "css-loader": "^0.28.2",
      "extract-text-webpack-plugin": "^2.1.2",
      "file-loader": "^0.11.1",
      "html-loader": "^0.4.5",
      "html-webpack-plugin": "^2.28.0",
      "image-webpack-loader": "^3.3.0",
      "less": "^2.7.2",
      "less-loader": "^4.0.3",
      "loader-utils": "^1.1.0",
      "postcss-loader": "^1.3.3",
      "react-transform-hmr": "^1.0.4",
      "sass-loader": "^6.0.5",
      "style-loader": "^0.16.1",
      "stylus": "^0.54.5",
      "stylus-loader": "^3.0.1",
      "url-loader": "^0.5.8",
      "webpack": "^2.6.1",
      "webpack-dev-server": "^2.4.5"
    },
    "dependencies": {
      "animate.css": "^3.5.2",
      "antd": "^2.10.4",
      "axios": "^0.16.2",
      "rc-queue-anim": "^1.0.5",
      "react": "^15.5.4",
      "react-dom": "^15.5.4",
      "react-draggable": "^2.2.6",
      "react-router": "^2.8.1"
    }
  }

yarn manifest: 
  No manifest

Lockfile: 
  No lockfile

Trace: 
  Error: ENOENT: no such file or directory, open 'E:\资料ccc\product单页面\node_modules\autoprefixer\node_modules\ansi-styles\index.js'
      at Error (native)
